2015-10-04 16:44:30 - PHP Notice:  Undefined variable: name in E:\OpenServer\domains\shop-oc2.loc\catalog\view\theme\default\template\affiliate\trackingmmmurl.tpl on line 8
2015-10-04 16:44:30 - PHP Notice:  Undefined variable: logo in E:\OpenServer\domains\shop-oc2.loc\catalog\view\theme\default\template\affiliate\trackingmmmurl.tpl on line 8
2015-10-04 16:46:24 - PHP Notice:  Undefined variable: name in E:\OpenServer\domains\shop-oc2.loc\catalog\view\theme\default\template\affiliate\trackingmmmurl.tpl on line 8
2015-10-04 16:46:24 - PHP Notice:  Undefined variable: logo in E:\OpenServer\domains\shop-oc2.loc\catalog\view\theme\default\template\affiliate\trackingmmmurl.tpl on line 8
2015-10-04 16:47:18 - PHP Notice:  Undefined variable: name in E:\OpenServer\domains\shop-oc2.loc\catalog\view\theme\default\template\affiliate\trackingmmmurl.tpl on line 8
2015-10-04 16:47:18 - PHP Notice:  Undefined variable: logo in E:\OpenServer\domains\shop-oc2.loc\catalog\view\theme\default\template\affiliate\trackingmmmurl.tpl on line 8
2015-10-04 16:53:29 - PHP Notice:  Undefined variable: name in E:\OpenServer\domains\shop-oc2.loc\catalog\view\theme\default\template\affiliate\trackingmmmurl.tpl on line 8
2015-10-04 16:53:29 - PHP Notice:  Undefined variable: logo in E:\OpenServer\domains\shop-oc2.loc\catalog\view\theme\default\template\affiliate\trackingmmmurl.tpl on line 8
2015-10-04 17:00:39 - PHP Notice:  Undefined variable: name in E:\OpenServer\domains\shop-oc2.loc\catalog\view\theme\default\template\affiliate\trackingmmmurl.tpl on line 8
2015-10-04 17:00:39 - PHP Notice:  Undefined variable: logo in E:\OpenServer\domains\shop-oc2.loc\catalog\view\theme\default\template\affiliate\trackingmmmurl.tpl on line 8
2015-10-04 17:09:28 - PHP Notice:  Undefined variable: name in E:\OpenServer\domains\shop-oc2.loc\catalog\view\theme\default\template\affiliate\trackingmmmurl.tpl on line 8
2015-10-04 17:09:28 - PHP Notice:  Undefined variable: logo in E:\OpenServer\domains\shop-oc2.loc\catalog\view\theme\default\template\affiliate\trackingmmmurl.tpl on line 8
2015-10-04 19:51:00 - PHP Notice:  unserialize() [<a href='function.unserialize'>function.unserialize</a>]: Error at offset 11679 of 52127 bytes in E:\OpenServer\domains\shop-oc2.loc\system\library\cache.php on line 11
2015-10-04 19:51:42 - PHP Notice:  Undefined index: tax in E:\OpenServer\domains\shop-oc2.loc\vqmod\vqcache\vq2-catalog_model_affiliate_affiliate.php on line 4
2015-10-04 19:51:42 - PHP Notice:  Undefined index: payment in E:\OpenServer\domains\shop-oc2.loc\vqmod\vqcache\vq2-catalog_model_affiliate_affiliate.php on line 4
2015-10-04 19:51:42 - PHP Notice:  Undefined index: cheque in E:\OpenServer\domains\shop-oc2.loc\vqmod\vqcache\vq2-catalog_model_affiliate_affiliate.php on line 4
2015-10-04 19:51:42 - PHP Notice:  Undefined index: paypal in E:\OpenServer\domains\shop-oc2.loc\vqmod\vqcache\vq2-catalog_model_affiliate_affiliate.php on line 4
2015-10-04 19:51:42 - PHP Notice:  Undefined index: bank_name in E:\OpenServer\domains\shop-oc2.loc\vqmod\vqcache\vq2-catalog_model_affiliate_affiliate.php on line 4
2015-10-04 19:51:42 - PHP Notice:  Undefined index: bank_branch_number in E:\OpenServer\domains\shop-oc2.loc\vqmod\vqcache\vq2-catalog_model_affiliate_affiliate.php on line 4
2015-10-04 19:51:42 - PHP Notice:  Undefined index: bank_swift_code in E:\OpenServer\domains\shop-oc2.loc\vqmod\vqcache\vq2-catalog_model_affiliate_affiliate.php on line 4
2015-10-04 19:51:42 - PHP Notice:  Undefined index: bank_account_name in E:\OpenServer\domains\shop-oc2.loc\vqmod\vqcache\vq2-catalog_model_affiliate_affiliate.php on line 4
2015-10-04 19:51:42 - PHP Notice:  Undefined index: bank_account_number in E:\OpenServer\domains\shop-oc2.loc\vqmod\vqcache\vq2-catalog_model_affiliate_affiliate.php on line 4
2015-10-04 19:51:42 - PHP Warning:  Cannot modify header information - headers already sent by (output started at E:\OpenServer\domains\shop-oc2.loc\index.php:107) in E:\OpenServer\domains\shop-oc2.loc\vqmod\vqcache\vq2-system_engine_controller.php on line 28
2015-10-04 19:51:42 - PHP Warning:  Cannot modify header information - headers already sent by (output started at E:\OpenServer\domains\shop-oc2.loc\index.php:107) in E:\OpenServer\domains\shop-oc2.loc\vqmod\vqcache\vq2-system_engine_controller.php on line 29
2015-10-04 19:52:11 - PHP Notice:  unserialize() [<a href='function.unserialize'>function.unserialize</a>]: Error at offset 289 of 1479 bytes in E:\OpenServer\domains\shop-oc2.loc\system\library\cache.php on line 11
2015-10-04 20:07:21 - PHP Notice:  Undefined index: tax in E:\OpenServer\domains\shop-oc2.loc\vqmod\vqcache\vq2-catalog_model_affiliate_affiliate.php on line 4
2015-10-04 20:07:21 - PHP Notice:  Undefined index: payment in E:\OpenServer\domains\shop-oc2.loc\vqmod\vqcache\vq2-catalog_model_affiliate_affiliate.php on line 4
2015-10-04 20:07:21 - PHP Notice:  Undefined index: cheque in E:\OpenServer\domains\shop-oc2.loc\vqmod\vqcache\vq2-catalog_model_affiliate_affiliate.php on line 4
2015-10-04 20:07:21 - PHP Notice:  Undefined index: paypal in E:\OpenServer\domains\shop-oc2.loc\vqmod\vqcache\vq2-catalog_model_affiliate_affiliate.php on line 4
2015-10-04 20:07:21 - PHP Notice:  Undefined index: bank_name in E:\OpenServer\domains\shop-oc2.loc\vqmod\vqcache\vq2-catalog_model_affiliate_affiliate.php on line 4
2015-10-04 20:07:21 - PHP Notice:  Undefined index: bank_branch_number in E:\OpenServer\domains\shop-oc2.loc\vqmod\vqcache\vq2-catalog_model_affiliate_affiliate.php on line 4
2015-10-04 20:07:21 - PHP Notice:  Undefined index: bank_swift_code in E:\OpenServer\domains\shop-oc2.loc\vqmod\vqcache\vq2-catalog_model_affiliate_affiliate.php on line 4
2015-10-04 20:07:21 - PHP Notice:  Undefined index: bank_account_name in E:\OpenServer\domains\shop-oc2.loc\vqmod\vqcache\vq2-catalog_model_affiliate_affiliate.php on line 4
2015-10-04 20:07:21 - PHP Notice:  Undefined index: bank_account_number in E:\OpenServer\domains\shop-oc2.loc\vqmod\vqcache\vq2-catalog_model_affiliate_affiliate.php on line 4
2015-10-04 20:09:26 - PHP Notice:  Undefined index: tax in E:\OpenServer\domains\shop-oc2.loc\vqmod\vqcache\vq2-catalog_model_affiliate_affiliate.php on line 4
2015-10-04 20:09:26 - PHP Notice:  Undefined index: payment in E:\OpenServer\domains\shop-oc2.loc\vqmod\vqcache\vq2-catalog_model_affiliate_affiliate.php on line 4
2015-10-04 20:09:26 - PHP Notice:  Undefined index: cheque in E:\OpenServer\domains\shop-oc2.loc\vqmod\vqcache\vq2-catalog_model_affiliate_affiliate.php on line 4
2015-10-04 20:09:26 - PHP Notice:  Undefined index: paypal in E:\OpenServer\domains\shop-oc2.loc\vqmod\vqcache\vq2-catalog_model_affiliate_affiliate.php on line 4
2015-10-04 20:09:26 - PHP Notice:  Undefined index: bank_name in E:\OpenServer\domains\shop-oc2.loc\vqmod\vqcache\vq2-catalog_model_affiliate_affiliate.php on line 4
2015-10-04 20:09:26 - PHP Notice:  Undefined index: bank_branch_number in E:\OpenServer\domains\shop-oc2.loc\vqmod\vqcache\vq2-catalog_model_affiliate_affiliate.php on line 4
2015-10-04 20:09:26 - PHP Notice:  Undefined index: bank_swift_code in E:\OpenServer\domains\shop-oc2.loc\vqmod\vqcache\vq2-catalog_model_affiliate_affiliate.php on line 4
2015-10-04 20:09:26 - PHP Notice:  Undefined index: bank_account_name in E:\OpenServer\domains\shop-oc2.loc\vqmod\vqcache\vq2-catalog_model_affiliate_affiliate.php on line 4
2015-10-04 20:09:26 - PHP Notice:  Undefined index: bank_account_number in E:\OpenServer\domains\shop-oc2.loc\vqmod\vqcache\vq2-catalog_model_affiliate_affiliate.php on line 4
2015-10-04 20:22:41 - PHP Notice:  Undefined index: tracking in E:\OpenServer\domains\shop-oc2.loc\catalog\controller\account\register.php on line 10
2015-10-04 20:27:48 - PHP Notice:  Undefined index: tracking in E:\OpenServer\domains\shop-oc2.loc\catalog\controller\account\register.php on line 22
2015-10-04 20:27:48 - PHP Notice:  Undefined index: tax in E:\OpenServer\domains\shop-oc2.loc\vqmod\vqcache\vq2-catalog_model_affiliate_affiliate.php on line 4
2015-10-04 20:27:48 - PHP Notice:  Undefined index: payment in E:\OpenServer\domains\shop-oc2.loc\vqmod\vqcache\vq2-catalog_model_affiliate_affiliate.php on line 4
2015-10-04 20:27:48 - PHP Notice:  Undefined index: cheque in E:\OpenServer\domains\shop-oc2.loc\vqmod\vqcache\vq2-catalog_model_affiliate_affiliate.php on line 4
2015-10-04 20:27:48 - PHP Notice:  Undefined index: paypal in E:\OpenServer\domains\shop-oc2.loc\vqmod\vqcache\vq2-catalog_model_affiliate_affiliate.php on line 4
2015-10-04 20:27:48 - PHP Notice:  Undefined index: bank_name in E:\OpenServer\domains\shop-oc2.loc\vqmod\vqcache\vq2-catalog_model_affiliate_affiliate.php on line 4
2015-10-04 20:27:48 - PHP Notice:  Undefined index: bank_branch_number in E:\OpenServer\domains\shop-oc2.loc\vqmod\vqcache\vq2-catalog_model_affiliate_affiliate.php on line 4
2015-10-04 20:27:48 - PHP Notice:  Undefined index: bank_swift_code in E:\OpenServer\domains\shop-oc2.loc\vqmod\vqcache\vq2-catalog_model_affiliate_affiliate.php on line 4
2015-10-04 20:27:48 - PHP Notice:  Undefined index: bank_account_name in E:\OpenServer\domains\shop-oc2.loc\vqmod\vqcache\vq2-catalog_model_affiliate_affiliate.php on line 4
2015-10-04 20:27:48 - PHP Notice:  Undefined index: bank_account_number in E:\OpenServer\domains\shop-oc2.loc\vqmod\vqcache\vq2-catalog_model_affiliate_affiliate.php on line 4
2015-10-04 20:31:12 - PHP Notice:  Undefined index: tracking in E:\OpenServer\domains\shop-oc2.loc\catalog\controller\account\register.php on line 22
2015-10-04 20:31:12 - PHP Notice:  Undefined index: tax in E:\OpenServer\domains\shop-oc2.loc\vqmod\vqcache\vq2-catalog_model_affiliate_affiliate.php on line 4
2015-10-04 20:31:12 - PHP Notice:  Undefined index: payment in E:\OpenServer\domains\shop-oc2.loc\vqmod\vqcache\vq2-catalog_model_affiliate_affiliate.php on line 4
2015-10-04 20:31:12 - PHP Notice:  Undefined index: cheque in E:\OpenServer\domains\shop-oc2.loc\vqmod\vqcache\vq2-catalog_model_affiliate_affiliate.php on line 4
2015-10-04 20:31:12 - PHP Notice:  Undefined index: paypal in E:\OpenServer\domains\shop-oc2.loc\vqmod\vqcache\vq2-catalog_model_affiliate_affiliate.php on line 4
2015-10-04 20:31:12 - PHP Notice:  Undefined index: bank_name in E:\OpenServer\domains\shop-oc2.loc\vqmod\vqcache\vq2-catalog_model_affiliate_affiliate.php on line 4
2015-10-04 20:31:12 - PHP Notice:  Undefined index: bank_branch_number in E:\OpenServer\domains\shop-oc2.loc\vqmod\vqcache\vq2-catalog_model_affiliate_affiliate.php on line 4
2015-10-04 20:31:12 - PHP Notice:  Undefined index: bank_swift_code in E:\OpenServer\domains\shop-oc2.loc\vqmod\vqcache\vq2-catalog_model_affiliate_affiliate.php on line 4
2015-10-04 20:31:12 - PHP Notice:  Undefined index: bank_account_name in E:\OpenServer\domains\shop-oc2.loc\vqmod\vqcache\vq2-catalog_model_affiliate_affiliate.php on line 4
2015-10-04 20:31:12 - PHP Notice:  Undefined index: bank_account_number in E:\OpenServer\domains\shop-oc2.loc\vqmod\vqcache\vq2-catalog_model_affiliate_affiliate.php on line 4
